C51 COMPILER V9.56.0.0   INITS                                                             11/04/2018 15:51:33 PAGE 1   


C51 COMPILER V9.56.0.0, COMPILATION OF MODULE INITS
OBJECT MODULE PLACED IN .\Objects\inits.obj
COMPILER INVOKED BY: D:\Keil_v5\C51\BIN\C51.EXE inits.c OPTIMIZE(8,SPEED) BROWSE DEBUG OBJECTEXTEND PRINT(.\Listings\ini
                    -ts.lst) OBJECT(.\Objects\inits.obj)

line level    source

   1          #include "inits.h"
   2          #include <STC12C5A60S2.h>
   3          #include "uart.h"
   4          #include "delay.h"
   5          #include "oled.h"
   6          #include "pwm.h"
   7          #include "def.h"
   8          
   9          extern float kp;
  10          extern float ki;
  11          extern float kd;
  12          extern float error;
  13          extern float p_error;
  14          extern float pp_error;
  15          extern float I;
  16          extern float D;
  17          extern float pid_out;
  18          extern unsigned char mode;                                      //工作模式
  19          extern float left_dutyc;                        //左电机占空比
  20          extern float right_dutyc;                       //右电机占空比
  21          extern float default_dutyc;     //默认占空比
  22          
  23          void InitAll()  //初始化 延时1.61262s
  24          {
  25   1              PidInit();
  26   1              PwmInit();
  27   1              OLED_Display_Off();
  28   1              OLED_Init();
  29   1              OLED_Clear();
  30   1              OLED_Display_On();
  31   1              UartInit();
  32   1              Delay20us();
  33   1              Delay100us();
  34   1              Delay500us();
  35   1              Delay1ms();
  36   1              Delay10ms();
  37   1              Delay100ms();
  38   1              Delay500ms();
  39   1              Delay1s();
  40   1              DelayMs(1);
  41   1              SendStr("OK");
  42   1              
  43   1              if (mode == MANUAL)
  44   1              {
  45   2                      OLED_ShowString(0,6,"MAN");
  46   2              }
  47   1              else if (mode == AUTO)
  48   1              {
  49   2                      OLED_ShowString(0,6,"AUTO");
  50   2              } 
  51   1      
  52   1              T0Init();
  53   1      }
  54          
C51 COMPILER V9.56.0.0   INITS                                                             11/04/2018 15:51:33 PAGE 2   

  55          void PidInit()  //Pid初始化
  56          {
  57   1              kp = 2.9;//2.9
  58   1              ki = 0;
  59   1              kd = 12;//12
  60   1              error = 0;
  61   1              p_error = 0;
  62   1              pp_error = 0;
  63   1              I=0;
  64   1              D=0;
  65   1              pid_out = 0;
  66   1              
  67   1              left_dutyc      = default_dutyc+5;      //左电机占空比
  68   1              right_dutyc = default_dutyc+5;  //右电机占空比
  69   1      }
  70          
  71          void T0Init()           //10ms
  72          {
  73   1          TMOD = 0x01;
  74   1          TH0 = 0xdc;
  75   1          TL0 = 0x00;
  76   1          EA = 1;
  77   1          ET0 = 1;
  78   1          TR0 = 1;
  79   1      }


MODULE INFORMATION:   STATIC OVERLAYABLE
   CODE SIZE        =    242    ----
   CONSTANT SIZE    =     12    ----
   XDATA SIZE       =   ----    ----
   PDATA SIZE       =   ----    ----
   DATA SIZE        =   ----    ----
   IDATA SIZE       =   ----    ----
   BIT SIZE         =   ----    ----
END OF MODULE INFORMATION.


C51 COMPILATION COMPLETE.  0 WARNING(S),  0 ERROR(S)
