C51 COMPILER V9.56.0.0   OLED                                                              11/04/2018 15:51:32 PAGE 1   


C51 COMPILER V9.56.0.0, COMPILATION OF MODULE OLED
OBJECT MODULE PLACED IN .\Objects\oled.obj
COMPILER INVOKED BY: D:\Keil_v5\C51\BIN\C51.EXE oled.c OPTIMIZE(8,SPEED) BROWSE DEBUG OBJECTEXTEND PRINT(.\Listings\oled
                    -.lst) OBJECT(.\Objects\oled.obj)

line level    source

   1          /*////////////////////////////////////////////////////////////////////////////////       
   2          //本程序只供学习使用，未经作者许可，不得用于其它任何用途
   3          //中景园电子
   4          //店铺地址：http://shop73023976.taobao.com/?spm=2013.1.0.0.M4PqC2
   5          //
   6          //  文 件 名   : main.c
   7          //  版 本 号   : v2.0
   8          //  作    者   : HuangKai
   9          //  生成日期   : 2014-0101
  10          //  最近修改   : 
  11          //  功能描述   : OLED 4接口演示例程(51系列)
  12          //              说明: 
  13          //              ----------------------------------------------------------------
  14          //              GND    电源地
  15          //              VCC  接5V或3.3v电源
  16          //              D0   P1^0（SCL）
  17          //              D1   P1^1（SDA）
  18          //              RES  接P12
  19          //              DC   接P13
  20          //              CS   接P14               
  21          //              ----------------------------------------------------------------
  22                  用     法：     void OLED_Display_On(void)      ；//开启OLED显示    
  23          
  24          //******************************************************************************/
  25          #include "oled.h"
  26          //#include "stdlib.h"
  27          #include "oledfont.h"    
  28          //#include "delay.h"
  29          //OLED的显存
  30          //存放格式如下.
  31          //[0]0 1 2 3 ... 127    
  32          //[1]0 1 2 3 ... 127    
  33          //[2]0 1 2 3 ... 127    
  34          //[3]0 1 2 3 ... 127    
  35          //[4]0 1 2 3 ... 127    
  36          //[5]0 1 2 3 ... 127    
  37          //[6]0 1 2 3 ... 127    
  38          //[7]0 1 2 3 ... 127                       
  39          void delay_ms(unsigned int ms)
  40          {                         
  41   1              unsigned int a;
  42   1              while(ms)
  43   1              {
  44   2                      a=1800;
  45   2                      while(a--);
  46   2                      ms--;
  47   2              }
  48   1              return;
  49   1      }
  50          #if OLED_MODE==1
              //向SSD1106写入一个字节。
              //dat:要写入的数据/命令
              //cmd:数据/命令标志 0,表示命令;1,表示数据;
              void OLED_WR_Byte(u8 dat,u8 cmd)
C51 COMPILER V9.56.0.0   OLED                                                              11/04/2018 15:51:32 PAGE 2   

              {
                      DATAOUT(dat);       
                      if(cmd)
                        OLED_DC_Set();
                      else 
                        OLED_DC_Clr();                   
                      OLED_CS_Clr();
                      OLED_WR_Clr();   
                      OLED_WR_Set();
                      OLED_CS_Set();    
                      OLED_DC_Set();   
              }                   
              #else
  68          //向SSD1306写入一个字节。
  69          //dat:要写入的数据/命令
  70          //cmd:数据/命令标志 0,表示命令;1,表示数据;
  71          void OLED_WR_Byte(u8 dat,u8 cmd)
  72          {       
  73   1              u8 i;                     
  74   1              if(cmd)
  75   1                OLED_DC_Set();
  76   1              else 
  77   1                OLED_DC_Clr();                  
  78   1              OLED_CS_Clr();
  79   1              for(i=0;i<8;i++)
  80   1              {                         
  81   2                      OLED_SCLK_Clr();
  82   2                      if(dat&0x80)
  83   2                              {
  84   3                         OLED_SDIN_Set();
  85   3                              }
  86   2      else
  87   2                         OLED_SDIN_Clr();
  88   2                                      OLED_SCLK_Set();
  89   2                      dat<<=1;   
  90   2              }                                                 
  91   1              OLED_CS_Set();
  92   1              OLED_DC_Set();            
  93   1      } 
  94          #endif
  95                  void OLED_Set_Pos(unsigned char x, unsigned char y) 
  96          { 
  97   1              OLED_WR_Byte(0xb0+y,OLED_CMD);
  98   1              OLED_WR_Byte(((x&0xf0)>>4)|0x10,OLED_CMD);
  99   1              OLED_WR_Byte((x&0x0f)|0x01,OLED_CMD); 
 100   1      }         
 101          //开启OLED显示    
 102          void OLED_Display_On(void)
 103          {
 104   1              OLED_WR_Byte(0X8D,OLED_CMD);  //SET DCDC命令
 105   1              OLED_WR_Byte(0X14,OLED_CMD);  //DCDC ON
 106   1              OLED_WR_Byte(0XAF,OLED_CMD);  //DISPLAY ON
 107   1      }
 108          //关闭OLED显示     
 109          void OLED_Display_Off(void)
 110          {
 111   1              OLED_WR_Byte(0X8D,OLED_CMD);  //SET DCDC命令
 112   1              OLED_WR_Byte(0X10,OLED_CMD);  //DCDC OFF
 113   1              OLED_WR_Byte(0XAE,OLED_CMD);  //DISPLAY OFF
 114   1      }                                        
 115          //清屏函数,清完屏,整个屏幕是黑色的!和没点亮一样!!!        
 116          void OLED_Clear(void)  
C51 COMPILER V9.56.0.0   OLED                                                              11/04/2018 15:51:32 PAGE 3   

 117          {  
 118   1              u8 i,n;             
 119   1              for(i=0;i<8;i++)  
 120   1              {  
 121   2                      OLED_WR_Byte (0xb0+i,OLED_CMD);    //设置页地址（0~7）
 122   2                      OLED_WR_Byte (0x00,OLED_CMD);      //设置显示位置―列低地址
 123   2                      OLED_WR_Byte (0x10,OLED_CMD);      //设置显示位置―列高地址   
 124   2                      for(n=0;n<128;n++)OLED_WR_Byte(0,OLED_DATA); 
 125   2              } //更新显示
 126   1      }
 127          
 128          
 129          //在指定位置显示一个字符,包括部分字符
 130          //x:0~127
 131          //y:0~63
 132          //mode:0,反白显示;1,正常显示                             
 133          //size:选择字体 16/12 
 134          void OLED_ShowChar(u8 x,u8 y,u8 chr)
 135          {       
 136   1              unsigned char c=0,i=0;  
 137   1                      c=chr-' ';//得到偏移后的值                      
 138   1                      if(x>Max_Column-1){x=0;y=y+2;}
 139   1                      if(SIZE ==16)
 140   1                              {
 141   2                              OLED_Set_Pos(x,y);      
 142   2                              for(i=0;i<8;i++)
 143   2                              OLED_WR_Byte(F8X16[c*16+i],OLED_DATA);
 144   2                              OLED_Set_Pos(x,y+1);
 145   2                              for(i=0;i<8;i++)
 146   2                              OLED_WR_Byte(F8X16[c*16+i+8],OLED_DATA);
 147   2                              }
 148   1                              else {  
 149   2                                      OLED_Set_Pos(x,y+1);
 150   2                                      for(i=0;i<6;i++)
 151   2                                      OLED_WR_Byte(F6x8[c][i],OLED_DATA);
 152   2                                      
 153   2                              }
 154   1      }
 155          //m^n函数
 156          u32 oled_pow(u8 m,u8 n)
 157          {
 158   1              u32 result=1;    
 159   1              while(n--)result*=m;    
 160   1              return result;
 161   1      }                                 
 162          //显示2个数字
 163          //x,y :起点坐标  
 164          //len :数字的位数
 165          //size:字体大小
 166          //mode:模式     0,填充模式;1,叠加模式
 167          //num:数值(0~4294967295);                         
 168          void OLED_ShowNum(u8 x,u8 y,u32 num,u8 len,u8 size2)
 169          {               
 170   1              u8 t,temp;
 171   1              u8 enshow=0;                                               
 172   1              for(t=0;t<len;t++)
 173   1              {
 174   2                      temp=(num/oled_pow(10,len-t-1))%10;
 175   2                      if(enshow==0&&t<(len-1))
 176   2                      {
 177   3                              if(temp==0)
 178   3                              {
C51 COMPILER V9.56.0.0   OLED                                                              11/04/2018 15:51:32 PAGE 4   

 179   4                                      OLED_ShowChar(x+(size2/2)*t,y,' ');
 180   4                                      continue;
 181   4                              }else enshow=1; 
 182   3                               
 183   3                      }
 184   2                      OLED_ShowChar(x+(size2/2)*t,y,temp+'0'); 
 185   2              }
 186   1      } 
 187          //显示一个字符号串
 188          void OLED_ShowString(u8 x,u8 y,u8 *chr)
 189          {
 190   1              unsigned char j=0;
 191   1              while (chr[j]!='\0')
 192   1              {               OLED_ShowChar(x,y,chr[j]);
 193   2                              x+=8;
 194   2                      if(x>120){x=0;y+=2;}
 195   2                              j++;
 196   2              }
 197   1      }
 198          //显示汉字
 199          /*void OLED_ShowCHinese(u8 x,u8 y,u8 no)
 200          {                           
 201                  u8 t,adder=0;
 202                  OLED_Set_Pos(x,y);      
 203              for(t=0;t<16;t++)
 204                          {
 205                                          OLED_WR_Byte(Hzk[2*no][t],OLED_DATA);
 206                                          adder+=1;
 207               }  
 208                          OLED_Set_Pos(x,y+1);    
 209              for(t=0;t<16;t++)
 210                                  {       
 211                                          OLED_WR_Byte(Hzk[2*no+1][t],OLED_DATA);
 212                                          adder+=1;
 213                }                                 
 214          }*/
 215          /***********功能描述：显示显示BMP图片128×64起始点坐标(x,y),x的范围0～127，y为页的范围0～7****************
             -*/
 216          /*void OLED_DrawBMP(unsigned char x0, unsigned char y0,unsigned char x1, unsigned char y1,unsigned char BM
             -P[])
 217          {       
 218           unsigned int j=0;
 219           unsigned char x,y;
 220            
 221            if(y1%8==0) y=y1/8;      
 222            else y=y1/8+1;
 223                  for(y=y0;y<y1;y++)
 224                  {
 225                          OLED_Set_Pos(x0,y);
 226              for(x=x0;x<x1;x++)
 227                      {      
 228                          OLED_WR_Byte(BMP[j++],OLED_DATA);               
 229                      }
 230                  }
 231          } */
 232          
 233          
 234          //初始化SSD1306                                     
 235          void OLED_Init(void)
 236          {
 237   1       
 238   1      
C51 COMPILER V9.56.0.0   OLED                                                              11/04/2018 15:51:32 PAGE 5   

 239   1       
 240   1        OLED_RST_Set();
 241   1              delay_ms(100);
 242   1              OLED_RST_Clr();
 243   1              delay_ms(100);
 244   1              OLED_RST_Set(); 
 245   1              /*                                
 246   1              OLED_WR_Byte(0xAE,OLED_CMD);//--turn off oled panel
 247   1              OLED_WR_Byte(0x00,OLED_CMD);//---set low column address
 248   1              OLED_WR_Byte(0x10,OLED_CMD);//---set high column address
 249   1              OLED_WR_Byte(0x40,OLED_CMD);//--set start line address  Set Mapping RAM Display Start Line (0x00~0x3F)
 250   1              OLED_WR_Byte(0x81,OLED_CMD);//--set contrast control register
 251   1              OLED_WR_Byte(0xCF,OLED_CMD); // Set SEG Output Current Brightness
 252   1              OLED_WR_Byte(0xA1,OLED_CMD);//--Set SEG/Column Mapping     0xa0左右反置 0xa1正常
 253   1              OLED_WR_Byte(0xC8,OLED_CMD);//Set COM/Row Scan Direction   0xc0上下反置 0xc8正常
 254   1              OLED_WR_Byte(0xA6,OLED_CMD);//--set normal display
 255   1              OLED_WR_Byte(0xA8,OLED_CMD);//--set multiplex ratio(1 to 64)
 256   1              OLED_WR_Byte(0x3f,OLED_CMD);//--1/64 duty
 257   1              OLED_WR_Byte(0xD3,OLED_CMD);//-set display offset       Shift Mapping RAM Counter (0x00~0x3F)
 258   1              OLED_WR_Byte(0x00,OLED_CMD);//-not offset
 259   1              OLED_WR_Byte(0xd5,OLED_CMD);//--set display clock divide ratio/oscillator frequency
 260   1              OLED_WR_Byte(0x80,OLED_CMD);//--set divide ratio, Set Clock as 100 Frames/Sec
 261   1              OLED_WR_Byte(0xD9,OLED_CMD);//--set pre-charge period
 262   1              OLED_WR_Byte(0xF1,OLED_CMD);//Set Pre-Charge as 15 Clocks & Discharge as 1 Clock
 263   1              OLED_WR_Byte(0xDA,OLED_CMD);//--set com pins hardware configuration
 264   1              OLED_WR_Byte(0x12,OLED_CMD);
 265   1              OLED_WR_Byte(0xDB,OLED_CMD);//--set vcomh
 266   1              OLED_WR_Byte(0x40,OLED_CMD);//Set VCOM Deselect Level
 267   1              OLED_WR_Byte(0x20,OLED_CMD);//-Set Page Addressing Mode (0x00/0x01/0x02)
 268   1              OLED_WR_Byte(0x02,OLED_CMD);//
 269   1              OLED_WR_Byte(0x8D,OLED_CMD);//--set Charge Pump enable/disable
 270   1              OLED_WR_Byte(0x14,OLED_CMD);//--set(0x10) disable
 271   1              OLED_WR_Byte(0xA4,OLED_CMD);// Disable Entire Display On (0xa4/0xa5)
 272   1              OLED_WR_Byte(0xA6,OLED_CMD);// Disable Inverse Display On (0xa6/a7) 
 273   1              OLED_WR_Byte(0xAF,OLED_CMD);//--turn on oled panel
 274   1              */
 275   1      
 276   1              OLED_WR_Byte(0xAE,OLED_CMD);//--turn off oled panel
 277   1              OLED_WR_Byte(0x00,OLED_CMD);//---set low column address
 278   1              OLED_WR_Byte(0x10,OLED_CMD);//---set high column address
 279   1              OLED_WR_Byte(0x40,OLED_CMD);//--set start line address  Set Mapping RAM Display Start Line (0x00~0x3F)
 280   1              OLED_WR_Byte(0x81,OLED_CMD);//--set contrast control register
 281   1              OLED_WR_Byte(0xCF,OLED_CMD); // Set SEG Output Current Brightness
 282   1              OLED_WR_Byte(0xA1,OLED_CMD);//--Set SEG/Column Mapping     0xa0左右反置 0xa1正常
 283   1              OLED_WR_Byte(0xC8,OLED_CMD);//Set COM/Row Scan Direction   0xc0上下反置 0xc8正常
 284   1              OLED_WR_Byte(0xA6,OLED_CMD);//--set normal display
 285   1              OLED_WR_Byte(0xA8,OLED_CMD);//--set multiplex ratio(1 to 64)
 286   1              OLED_WR_Byte(0x3f,OLED_CMD);//--1/64 duty
 287   1              OLED_WR_Byte(0xD3,OLED_CMD);//-set display offset       Shift Mapping RAM Counter (0x00~0x3F)
 288   1              OLED_WR_Byte(0x00,OLED_CMD);//-not offset
 289   1              OLED_WR_Byte(0xd5,OLED_CMD);//--set display clock divide ratio/oscillator frequency
 290   1              OLED_WR_Byte(0x80,OLED_CMD);//--set divide ratio, Set Clock as 100 Frames/Sec
 291   1              OLED_WR_Byte(0xD9,OLED_CMD);//--set pre-charge period
 292   1              OLED_WR_Byte(0xF1,OLED_CMD);//Set Pre-Charge as 15 Clocks & Discharge as 1 Clock
 293   1              OLED_WR_Byte(0xDA,OLED_CMD);//--set com pins hardware configuration
 294   1              OLED_WR_Byte(0x12,OLED_CMD);
 295   1              OLED_WR_Byte(0xDB,OLED_CMD);//--set vcomh
 296   1              OLED_WR_Byte(0x40,OLED_CMD);//Set VCOM Deselect Level
 297   1              OLED_WR_Byte(0x20,OLED_CMD);//-Set Page Addressing Mode (0x00/0x01/0x02)
 298   1              OLED_WR_Byte(0x02,OLED_CMD);//
 299   1              OLED_WR_Byte(0x8D,OLED_CMD);//--set Charge Pump enable/disable
 300   1              OLED_WR_Byte(0x14,OLED_CMD);//--set(0x10) disable
C51 COMPILER V9.56.0.0   OLED                                                              11/04/2018 15:51:32 PAGE 6   

 301   1              OLED_WR_Byte(0xA4,OLED_CMD);// Disable Entire Display On (0xa4/0xa5)
 302   1              OLED_WR_Byte(0xA6,OLED_CMD);// Disable Inverse Display On (0xa6/a7) 
 303   1              OLED_WR_Byte(0xAF,OLED_CMD);//--turn on oled panel
 304   1              
 305   1              OLED_WR_Byte(0xAF,OLED_CMD); /*display ON*/ 
 306   1              OLED_Clear();
 307   1              OLED_Set_Pos(0,0);      
 308   1      }  
 309          
 310          void OLED_SetClear(u8 x1,u8 x2,u8 y1,u8 y2)  
 311          {  
 312   1              u8 i,n;            
 313   1              u8 temp;
 314   1              if (x1 > x2)
 315   1              {
 316   2                      temp = x1;
 317   2                      x1 = x2;
 318   2                      x2 = temp;
 319   2              }
 320   1              if (y1 > y2)
 321   1              {
 322   2                      temp = y1;
 323   2                      y1 = y2;
 324   2                      y2 = temp;
 325   2              }
 326   1              for(i=y1;i<=y2;i++)  
 327   1              {  
 328   2                      OLED_WR_Byte (0xb0+i,OLED_CMD);    //狮页址猫0~7茅
 329   2                      OLED_WR_Byte (0x00,OLED_CMD);      //狮示位j址
 330   2                      OLED_WR_Byte (0x10,OLED_CMD);      //狮示位j址   
 331   2                      for(n=x1;n<=x2;n++)OLED_WR_Byte(0,OLED_DATA); 
 332   2              } //偌示
 333   1      }
*** WARNING C294 IN LINE 149 OF oled.c: unreachable code


MODULE INFORMATION:   STATIC OVERLAYABLE
   CODE SIZE        =    708    ----
   CONSTANT SIZE    =   2520    ----
   XDATA SIZE       =   ----    ----
   PDATA SIZE       =   ----    ----
   DATA SIZE        =   ----      21
   IDATA SIZE       =   ----    ----
   BIT SIZE         =   ----    ----
END OF MODULE INFORMATION.


C51 COMPILATION COMPLETE.  1 WARNING(S),  0 ERROR(S)
