C51 COMPILER V9.56.0.0   PWM                                                               11/04/2018 15:51:33 PAGE 1   


C51 COMPILER V9.56.0.0, COMPILATION OF MODULE PWM
OBJECT MODULE PLACED IN .\Objects\pwm.obj
COMPILER INVOKED BY: D:\Keil_v5\C51\BIN\C51.EXE pwm.c OPTIMIZE(8,SPEED) BROWSE DEBUG OBJECTEXTEND PRINT(.\Listings\pwm.l
                    -st) OBJECT(.\Objects\pwm.obj)

line level    source

   1          #include "pwm.h"
   2          #include <STC12C5A60S2.h>
   3          #define HIGH 0x1a   //90zkb
   4          #define LOW 0X80        //50zkb
   5          #define NORMAL 0x4d     //70zkb
   6          
   7          //pwm0左电机 P1.3
   8          //pwm1右电机 P1.4
   9          void PwmInit()
  10          {
  11   1              CCON = 0;
  12   1              CL = 0;
  13   1              CH = 0;
  14   1              CMOD = 0X02;
  15   1      
  16   1              CCAP0H = CCAP0L = 0xff;
  17   1              CCAPM0 = 0X42;
  18   1              CCAP1H = CCAP1L = 0xff;
  19   1              CCAPM1 = 0X42;
  20   1      
  21   1              CR = 1;
  22   1      }
  23          
  24          
  25          void LeftSet(unsigned char set){ CCAP0H = CCAP0L = set; }
  26          void RightSet(unsigned char set){ CCAP1H = CCAP1L = set; }


MODULE INFORMATION:   STATIC OVERLAYABLE
   CODE SIZE        =     41    ----
   CONSTANT SIZE    =   ----    ----
   XDATA SIZE       =   ----    ----
   PDATA SIZE       =   ----    ----
   DATA SIZE        =   ----    ----
   IDATA SIZE       =   ----    ----
   BIT SIZE         =   ----    ----
END OF MODULE INFORMATION.


C51 COMPILATION COMPLETE.  0 WARNING(S),  0 ERROR(S)
