C51 COMPILER V9.56.0.0   SHOW                                                              11/04/2018 15:51:33 PAGE 1   


C51 COMPILER V9.56.0.0, COMPILATION OF MODULE SHOW
OBJECT MODULE PLACED IN .\Objects\show.obj
COMPILER INVOKED BY: D:\Keil_v5\C51\BIN\C51.EXE show.c OPTIMIZE(8,SPEED) BROWSE DEBUG OBJECTEXTEND PRINT(.\Listings\show
                    -.lst) OBJECT(.\Objects\show.obj)

line level    source

   1          #include <STC12C5A60S2.h>
   2          #include "show.h"
   3          #include "oled.h"
   4          
   5          extern float left_dutyc;
   6          extern float right_dutyc;
   7          extern u8 Tcount;
   8          extern float max_zkb;
   9          extern u8 angle;
  10          //------------------------Show Init------------------------//
  11          void Show()
  12          {
  13   1              OLED_ShowString(0,0,"Left  ");
  14   1              OLED_ShowString(0,2,"Right ");
  15   1              OLED_ShowNum(50,0,(u8)left_dutyc,3,16);
  16   1              OLED_ShowNum(50,2,(u8)right_dutyc,3,16);
  17   1              
  18   1              //P2-IR 低五位       //4 3 2 1 0//
  19   1              OLED_ShowNum(50,6,P2>>4 &1,1,16);
  20   1              OLED_ShowNum(60,6,P2>>3&1,1,16);
  21   1              OLED_ShowNum(70,6,P2>>2&1,1,16);
  22   1              OLED_ShowNum(80,6,P2>>1&1,1,16);
  23   1              OLED_ShowNum(90,6,P2>>0&1,1,16);
  24   1              OLED_ShowString(110,6,"IR");
  25   1      
  26   1              //P1-MOTO       //6 5 - 4 3 - 1 0//
  27   1              OLED_ShowNum(0,4,P1>>6 &1,1,16);
  28   1              OLED_ShowNum(10,4,P1>>5&1,1,16);
  29   1              OLED_ShowChar(20,4,'-');
  30   1              OLED_ShowNum(30,4,P1>>4&1,1,16);
  31   1              OLED_ShowNum(40,4,P1>>3&1,1,16);
  32   1              //OLED_ShowNum(50,4,P1>>2&1,1,16);
  33   1              OLED_ShowChar(50,4,'-');
  34   1              OLED_ShowNum(60,4,P1>>1&1,1,16);
  35   1              OLED_ShowNum(70,4,P1>>0&1,1,16);
  36   1              OLED_ShowString(90,4,"MOTO");
  37   1              
  38   1              
  39   1              OLED_ShowNum(90,0,Tcount,1,16);
  40   1              OLED_ShowNum(90,2,angle,3,16);
  41   1      }


MODULE INFORMATION:   STATIC OVERLAYABLE
   CODE SIZE        =    414    ----
   CONSTANT SIZE    =     22    ----
   XDATA SIZE       =   ----    ----
   PDATA SIZE       =   ----    ----
   DATA SIZE        =   ----    ----
   IDATA SIZE       =   ----    ----
   BIT SIZE         =   ----    ----
END OF MODULE INFORMATION.


C51 COMPILATION COMPLETE.  0 WARNING(S),  0 ERROR(S)
